This is pdfTeX, Version 3.14159265-2.6-1.40.17 (TeX Live 2016/Debian) (preloaded format=pdflatex 2017.6.13)  18 JUN 2017 11:50
entering extended mode
 restricted \write18 enabled.
 %&-line parsing enabled.
**main.tex
(./main.tex
LaTeX2e <2017/01/01> patch level 3
Babel <3.9r> and hyphenation patterns for 13 language(s) loaded.
(/usr/share/texlive/texmf-dist/tex/latex/base/article.cls
Document Class: article 2014/09/29 v1.4h Standard LaTeX document class
(/usr/share/texlive/texmf-dist/tex/latex/base/size12.clo
File: size12.clo 2014/09/29 v1.4h Standard LaTeX file (size option)
)
\c@part=\count79
\c@section=\count80
\c@subsection=\count81
\c@subsubsection=\count82
\c@paragraph=\count83
\c@subparagraph=\count84
\c@figure=\count85
\c@table=\count86
\abovecaptionskip=\skip41
\belowcaptionskip=\skip42
\bibindent=\dimen102
) (./preamble.tex
(/usr/share/texlive/texmf-dist/tex/latex/geometry/geometry.sty
Package: geometry 2010/09/12 v5.6 Page Geometry

(/usr/share/texlive/texmf-dist/tex/latex/graphics/keyval.sty
Package: keyval 2014/10/28 v1.15 key=value parser (DPC)
\KV@toks@=\toks14
)
(/usr/share/texlive/texmf-dist/tex/generic/oberdiek/ifpdf.sty
Package: ifpdf 2016/05/14 v3.1 Provides the ifpdf switch
)
(/usr/share/texlive/texmf-dist/tex/generic/oberdiek/ifvtex.sty
Package: ifvtex 2016/05/16 v1.6 Detect VTeX and its facilities (HO)
Package ifvtex Info: VTeX not detected.
)
(/usr/share/texlive/texmf-dist/tex/generic/ifxetex/ifxetex.sty
Package: ifxetex 2010/09/12 v0.6 Provides ifxetex conditional
)
\Gm@cnth=\count87
\Gm@cntv=\count88
\c@Gm@tempcnt=\count89
\Gm@bindingoffset=\dimen103
\Gm@wd@mp=\dimen104
\Gm@odd@mp=\dimen105
\Gm@even@mp=\dimen106
\Gm@layoutwidth=\dimen107
\Gm@layoutheight=\dimen108
\Gm@layouthoffset=\dimen109
\Gm@layoutvoffset=\dimen110
\Gm@dimlist=\toks15
)
(/usr/share/texlive/texmf-dist/tex/latex/base/inputenc.sty
Package: inputenc 2015/03/17 v1.2c Input encoding file
\inpenc@prehook=\toks16
\inpenc@posthook=\toks17

(/usr/share/texlive/texmf-dist/tex/latex/base/utf8.def
File: utf8.def 2017/01/28 v1.1t UTF-8 support for inputenc
Now handling font encoding OML ...
... no UTF-8 mapping file for font encoding OML
Now handling font encoding T1 ...
... processing UTF-8 mapping file for font encoding T1

(/usr/share/texlive/texmf-dist/tex/latex/base/t1enc.dfu
File: t1enc.dfu 2017/01/28 v1.1t UTF-8 support for inputenc
   defining Unicode char U+00A0 (decimal 160)
   defining Unicode char U+00A1 (decimal 161)
   defining Unicode char U+00A3 (decimal 163)
   defining Unicode char U+00AB (decimal 171)
   defining Unicode char U+00AD (decimal 173)
   defining Unicode char U+00BB (decimal 187)
   defining Unicode char U+00BF (decimal 191)
   defining Unicode char U+00C0 (decimal 192)
   defining Unicode char U+00C1 (decimal 193)
   defining Unicode char U+00C2 (decimal 194)
   defining Unicode char U+00C3 (decimal 195)
   defining Unicode char U+00C4 (decimal 196)
   defining Unicode char U+00C5 (decimal 197)
   defining Unicode char U+00C6 (decimal 198)
   defining Unicode char U+00C7 (decimal 199)
   defining Unicode char U+00C8 (decimal 200)
   defining Unicode char U+00C9 (decimal 201)
   defining Unicode char U+00CA (decimal 202)
   defining Unicode char U+00CB (decimal 203)
   defining Unicode char U+00CC (decimal 204)
   defining Unicode char U+00CD (decimal 205)
   defining Unicode char U+00CE (decimal 206)
   defining Unicode char U+00CF (decimal 207)
   defining Unicode char U+00D0 (decimal 208)
   defining Unicode char U+00D1 (decimal 209)
   defining Unicode char U+00D2 (decimal 210)
   defining Unicode char U+00D3 (decimal 211)
   defining Unicode char U+00D4 (decimal 212)
   defining Unicode char U+00D5 (decimal 213)
   defining Unicode char U+00D6 (decimal 214)
   defining Unicode char U+00D8 (decimal 216)
   defining Unicode char U+00D9 (decimal 217)
   defining Unicode char U+00DA (decimal 218)
   defining Unicode char U+00DB (decimal 219)
   defining Unicode char U+00DC (decimal 220)
   defining Unicode char U+00DD (decimal 221)
   defining Unicode char U+00DE (decimal 222)
   defining Unicode char U+00DF (decimal 223)
   defining Unicode char U+00E0 (decimal 224)
   defining Unicode char U+00E1 (decimal 225)
   defining Unicode char U+00E2 (decimal 226)
   defining Unicode char U+00E3 (decimal 227)
   defining Unicode char U+00E4 (decimal 228)
   defining Unicode char U+00E5 (decimal 229)
   defining Unicode char U+00E6 (decimal 230)
   defining Unicode char U+00E7 (decimal 231)
   defining Unicode char U+00E8 (decimal 232)
   defining Unicode char U+00E9 (decimal 233)
   defining Unicode char U+00EA (decimal 234)
   defining Unicode char U+00EB (decimal 235)
   defining Unicode char U+00EC (decimal 236)
   defining Unicode char U+00ED (decimal 237)
   defining Unicode char U+00EE (decimal 238)
   defining Unicode char U+00EF (decimal 239)
   defining Unicode char U+00F0 (decimal 240)
   defining Unicode char U+00F1 (decimal 241)
   defining Unicode char U+00F2 (decimal 242)
   defining Unicode char U+00F3 (decimal 243)
   defining Unicode char U+00F4 (decimal 244)
   defining Unicode char U+00F5 (decimal 245)
   defining Unicode char U+00F6 (decimal 246)
   defining Unicode char U+00F8 (decimal 248)
   defining Unicode char U+00F9 (decimal 249)
   defining Unicode char U+00FA (decimal 250)
   defining Unicode char U+00FB (decimal 251)
   defining Unicode char U+00FC (decimal 252)
   defining Unicode char U+00FD (decimal 253)
   defining Unicode char U+00FE (decimal 254)
   defining Unicode char U+00FF (decimal 255)
   defining Unicode char U+0100 (decimal 256)
   defining Unicode char U+0101 (decimal 257)
   defining Unicode char U+0102 (decimal 258)
   defining Unicode char U+0103 (decimal 259)
   defining Unicode char U+0104 (decimal 260)
   defining Unicode char U+0105 (decimal 261)
   defining Unicode char U+0106 (decimal 262)
   defining Unicode char U+0107 (decimal 263)
   defining Unicode char U+0108 (decimal 264)
   defining Unicode char U+0109 (decimal 265)
   defining Unicode char U+010A (decimal 266)
   defining Unicode char U+010B (decimal 267)
   defining Unicode char U+010C (decimal 268)
   defining Unicode char U+010D (decimal 269)
   defining Unicode char U+010E (decimal 270)
   defining Unicode char U+010F (decimal 271)
   defining Unicode char U+0110 (decimal 272)
   defining Unicode char U+0111 (decimal 273)
   defining Unicode char U+0112 (decimal 274)
   defining Unicode char U+0113 (decimal 275)
   defining Unicode char U+0114 (decimal 276)
   defining Unicode char U+0115 (decimal 277)
   defining Unicode char U+0116 (decimal 278)
   defining Unicode char U+0117 (decimal 279)
   defining Unicode char U+0118 (decimal 280)
   defining Unicode char U+0119 (decimal 281)
   defining Unicode char U+011A (decimal 282)
   defining Unicode char U+011B (decimal 283)
   defining Unicode char U+011C (decimal 284)
   defining Unicode char U+011D (decimal 285)
   defining Unicode char U+011E (decimal 286)
   defining Unicode char U+011F (decimal 287)
   defining Unicode char U+0120 (decimal 288)
   defining Unicode char U+0121 (decimal 289)
   defining Unicode char U+0122 (decimal 290)
   defining Unicode char U+0123 (decimal 291)
   defining Unicode char U+0124 (decimal 292)
   defining Unicode char U+0125 (decimal 293)
   defining Unicode char U+0128 (decimal 296)
   defining Unicode char U+0129 (decimal 297)
   defining Unicode char U+012A (decimal 298)
   defining Unicode char U+012B (decimal 299)
   defining Unicode char U+012C (decimal 300)
   defining Unicode char U+012D (decimal 301)
   defining Unicode char U+012E (decimal 302)
   defining Unicode char U+012F (decimal 303)
   defining Unicode char U+0130 (decimal 304)
   defining Unicode char U+0131 (decimal 305)
   defining Unicode char U+0132 (decimal 306)
   defining Unicode char U+0133 (decimal 307)
   defining Unicode char U+0134 (decimal 308)
   defining Unicode char U+0135 (decimal 309)
   defining Unicode char U+0136 (decimal 310)
   defining Unicode char U+0137 (decimal 311)
   defining Unicode char U+0139 (decimal 313)
   defining Unicode char U+013A (decimal 314)
   defining Unicode char U+013B (decimal 315)
   defining Unicode char U+013C (decimal 316)
   defining Unicode char U+013D (decimal 317)
   defining Unicode char U+013E (decimal 318)
   defining Unicode char U+0141 (decimal 321)
   defining Unicode char U+0142 (decimal 322)
   defining Unicode char U+0143 (decimal 323)
   defining Unicode char U+0144 (decimal 324)
   defining Unicode char U+0145 (decimal 325)
   defining Unicode char U+0146 (decimal 326)
   defining Unicode char U+0147 (decimal 327)
   defining Unicode char U+0148 (decimal 328)
   defining Unicode char U+014A (decimal 330)
   defining Unicode char U+014B (decimal 331)
   defining Unicode char U+014C (decimal 332)
   defining Unicode char U+014D (decimal 333)
   defining Unicode char U+014E (decimal 334)
   defining Unicode char U+014F (decimal 335)
   defining Unicode char U+0150 (decimal 336)
   defining Unicode char U+0151 (decimal 337)
   defining Unicode char U+0152 (decimal 338)
   defining Unicode char U+0153 (decimal 339)
   defining Unicode char U+0154 (decimal 340)
   defining Unicode char U+0155 (decimal 341)
   defining Unicode char U+0156 (decimal 342)
   defining Unicode char U+0157 (decimal 343)
   defining Unicode char U+0158 (decimal 344)
   defining Unicode char U+0159 (decimal 345)
   defining Unicode char U+015A (decimal 346)
   defining Unicode char U+015B (decimal 347)
   defining Unicode char U+015C (decimal 348)
   defining Unicode char U+015D (decimal 349)
   defining Unicode char U+015E (decimal 350)
   defining Unicode char U+015F (decimal 351)
   defining Unicode char U+0160 (decimal 352)
   defining Unicode char U+0161 (decimal 353)
   defining Unicode char U+0162 (decimal 354)
   defining Unicode char U+0163 (decimal 355)
   defining Unicode char U+0164 (decimal 356)
   defining Unicode char U+0165 (decimal 357)
   defining Unicode char U+0168 (decimal 360)
   defining Unicode char U+0169 (decimal 361)
   defining Unicode char U+016A (decimal 362)
   defining Unicode char U+016B (decimal 363)
   defining Unicode char U+016C (decimal 364)
   defining Unicode char U+016D (decimal 365)
   defining Unicode char U+016E (decimal 366)
   defining Unicode char U+016F (decimal 367)
   defining Unicode char U+0170 (decimal 368)
   defining Unicode char U+0171 (decimal 369)
   defining Unicode char U+0172 (decimal 370)
   defining Unicode char U+0173 (decimal 371)
   defining Unicode char U+0174 (decimal 372)
   defining Unicode char U+0175 (decimal 373)
   defining Unicode char U+0176 (decimal 374)
   defining Unicode char U+0177 (decimal 375)
   defining Unicode char U+0178 (decimal 376)
   defining Unicode char U+0179 (decimal 377)
   defining Unicode char U+017A (decimal 378)
   defining Unicode char U+017B (decimal 379)
   defining Unicode char U+017C (decimal 380)
   defining Unicode char U+017D (decimal 381)
   defining Unicode char U+017E (decimal 382)
   defining Unicode char U+01CD (decimal 461)
   defining Unicode char U+01CE (decimal 462)
   defining Unicode char U+01CF (decimal 463)
   defining Unicode char U+01D0 (decimal 464)
   defining Unicode char U+01D1 (decimal 465)
   defining Unicode char U+01D2 (decimal 466)
   defining Unicode char U+01D3 (decimal 467)
   defining Unicode char U+01D4 (decimal 468)
   defining Unicode char U+01E2 (decimal 482)
   defining Unicode char U+01E3 (decimal 483)
   defining Unicode char U+01E6 (decimal 486)
   defining Unicode char U+01E7 (decimal 487)
   defining Unicode char U+01E8 (decimal 488)
   defining Unicode char U+01E9 (decimal 489)
   defining Unicode char U+01EA (decimal 490)
   defining Unicode char U+01EB (decimal 491)
   defining Unicode char U+01F0 (decimal 496)
   defining Unicode char U+01F4 (decimal 500)
   defining Unicode char U+01F5 (decimal 501)
   defining Unicode char U+0218 (decimal 536)
   defining Unicode char U+0219 (decimal 537)
   defining Unicode char U+021A (decimal 538)
   defining Unicode char U+021B (decimal 539)
   defining Unicode char U+0232 (decimal 562)
   defining Unicode char U+0233 (decimal 563)
   defining Unicode char U+1E02 (decimal 7682)
   defining Unicode char U+1E03 (decimal 7683)
   defining Unicode char U+200C (decimal 8204)
   defining Unicode char U+2010 (decimal 8208)
   defining Unicode char U+2011 (decimal 8209)
   defining Unicode char U+2012 (decimal 8210)
   defining Unicode char U+2013 (decimal 8211)
   defining Unicode char U+2014 (decimal 8212)
   defining Unicode char U+2015 (decimal 8213)
   defining Unicode char U+2018 (decimal 8216)
   defining Unicode char U+2019 (decimal 8217)
   defining Unicode char U+201A (decimal 8218)
   defining Unicode char U+201C (decimal 8220)
   defining Unicode char U+201D (decimal 8221)
   defining Unicode char U+201E (decimal 8222)
   defining Unicode char U+2030 (decimal 8240)
   defining Unicode char U+2031 (decimal 8241)
   defining Unicode char U+2039 (decimal 8249)
   defining Unicode char U+203A (decimal 8250)
   defining Unicode char U+2423 (decimal 9251)
   defining Unicode char U+1E20 (decimal 7712)
   defining Unicode char U+1E21 (decimal 7713)
)
Now handling font encoding OT1 ...
... processing UTF-8 mapping file for font encoding OT1

(/usr/share/texlive/texmf-dist/tex/latex/base/ot1enc.dfu
File: ot1enc.dfu 2017/01/28 v1.1t UTF-8 support for inputenc
   defining Unicode char U+00A0 (decimal 160)
   defining Unicode char U+00A1 (decimal 161)
   defining Unicode char U+00A3 (decimal 163)
   defining Unicode char U+00AD (decimal 173)
   defining Unicode char U+00B8 (decimal 184)
   defining Unicode char U+00BF (decimal 191)
   defining Unicode char U+00C5 (decimal 197)
   defining Unicode char U+00C6 (decimal 198)
   defining Unicode char U+00D8 (decimal 216)
   defining Unicode char U+00DF (decimal 223)
   defining Unicode char U+00E6 (decimal 230)
   defining Unicode char U+00EC (decimal 236)
   defining Unicode char U+00ED (decimal 237)
   defining Unicode char U+00EE (decimal 238)
   defining Unicode char U+00EF (decimal 239)
   defining Unicode char U+00F8 (decimal 248)
   defining Unicode char U+0131 (decimal 305)
   defining Unicode char U+0141 (decimal 321)
   defining Unicode char U+0142 (decimal 322)
   defining Unicode char U+0152 (decimal 338)
   defining Unicode char U+0153 (decimal 339)
   defining Unicode char U+0174 (decimal 372)
   defining Unicode char U+0175 (decimal 373)
   defining Unicode char U+0176 (decimal 374)
   defining Unicode char U+0177 (decimal 375)
   defining Unicode char U+0218 (decimal 536)
   defining Unicode char U+0219 (decimal 537)
   defining Unicode char U+021A (decimal 538)
   defining Unicode char U+021B (decimal 539)
   defining Unicode char U+2013 (decimal 8211)
   defining Unicode char U+2014 (decimal 8212)
   defining Unicode char U+2018 (decimal 8216)
   defining Unicode char U+2019 (decimal 8217)
   defining Unicode char U+201C (decimal 8220)
   defining Unicode char U+201D (decimal 8221)
)
Now handling font encoding OMS ...
... processing UTF-8 mapping file for font encoding OMS

(/usr/share/texlive/texmf-dist/tex/latex/base/omsenc.dfu
File: omsenc.dfu 2017/01/28 v1.1t UTF-8 support for inputenc
   defining Unicode char U+00A7 (decimal 167)
   defining Unicode char U+00B6 (decimal 182)
   defining Unicode char U+00B7 (decimal 183)
   defining Unicode char U+2020 (decimal 8224)
   defining Unicode char U+2021 (decimal 8225)
   defining Unicode char U+2022 (decimal 8226)
)
Now handling font encoding OMX ...
... no UTF-8 mapping file for font encoding OMX
Now handling font encoding U ...
... no UTF-8 mapping file for font encoding U
   defining Unicode char U+00A9 (decimal 169)
   defining Unicode char U+00AA (decimal 170)
   defining Unicode char U+00AE (decimal 174)
   defining Unicode char U+00BA (decimal 186)
   defining Unicode char U+02C6 (decimal 710)
   defining Unicode char U+02DC (decimal 732)
   defining Unicode char U+200C (decimal 8204)
   defining Unicode char U+2026 (decimal 8230)
   defining Unicode char U+2122 (decimal 8482)
   defining Unicode char U+2423 (decimal 9251)
))
(/usr/share/texlive/texmf-dist/tex/latex/setspace/setspace.sty
Package: setspace 2011/12/19 v6.7a set line spacing
)
(/usr/share/texlive/texmf-dist/tex/latex/amsmath/amsmath.sty
Package: amsmath 2016/11/05 v2.16a AMS math features
\@mathmargin=\skip43

For additional information on amsmath, use the `?' option.
(/usr/share/texlive/texmf-dist/tex/latex/amsmath/amstext.sty
Package: amstext 2000/06/29 v2.01 AMS text

(/usr/share/texlive/texmf-dist/tex/latex/amsmath/amsgen.sty
File: amsgen.sty 1999/11/30 v2.0 generic functions
\@emptytoks=\toks18
\ex@=\dimen111
))
(/usr/share/texlive/texmf-dist/tex/latex/amsmath/amsbsy.sty
Package: amsbsy 1999/11/29 v1.2d Bold Symbols
\pmbraise@=\dimen112
)
(/usr/share/texlive/texmf-dist/tex/latex/amsmath/amsopn.sty
Package: amsopn 2016/03/08 v2.02 operator names
)
\inf@bad=\count90
LaTeX Info: Redefining \frac on input line 213.
\uproot@=\count91
\leftroot@=\count92
LaTeX Info: Redefining \overline on input line 375.
\classnum@=\count93
\DOTSCASE@=\count94
LaTeX Info: Redefining \ldots on input line 472.
LaTeX Info: Redefining \dots on input line 475.
LaTeX Info: Redefining \cdots on input line 596.
\Mathstrutbox@=\box26
\strutbox@=\box27
\big@size=\dimen113
LaTeX Font Info:    Redeclaring font encoding OML on input line 712.
LaTeX Font Info:    Redeclaring font encoding OMS on input line 713.
\macc@depth=\count95
\c@MaxMatrixCols=\count96
\dotsspace@=\muskip10
\c@parentequation=\count97
\dspbrk@lvl=\count98
\tag@help=\toks19
\row@=\count99
\column@=\count100
\maxfields@=\count101
\andhelp@=\toks20
\eqnshift@=\dimen114
\alignsep@=\dimen115
\tagshift@=\dimen116
\tagwidth@=\dimen117
\totwidth@=\dimen118
\lineht@=\dimen119
\@envbody=\toks21
\multlinegap=\skip44
\multlinetaggap=\skip45
\mathdisplay@stack=\toks22
LaTeX Info: Redefining \[ on input line 2817.
LaTeX Info: Redefining \] on input line 2818.
)
(/usr/share/texlive/texmf-dist/tex/latex/base/fontenc.sty
Package: fontenc 2017/02/22 v2.0g Standard LaTeX package

(/usr/share/texlive/texmf-dist/tex/latex/cyrillic/t2aenc.def
File: t2aenc.def 2005/09/27 v1.0i Cyrillic encoding definition file
Now handling font encoding T2A ...
... processing UTF-8 mapping file for font encoding T2A

(/usr/share/texlive/texmf-dist/tex/latex/base/t2aenc.dfu
File: t2aenc.dfu 2017/01/28 v1.1t UTF-8 support for inputenc
   defining Unicode char U+00A4 (decimal 164)
   defining Unicode char U+00A7 (decimal 167)
   defining Unicode char U+00AB (decimal 171)
   defining Unicode char U+00BB (decimal 187)
   defining Unicode char U+0131 (decimal 305)
   defining Unicode char U+0400 (decimal 1024)
   defining Unicode char U+0401 (decimal 1025)
   defining Unicode char U+0402 (decimal 1026)
   defining Unicode char U+0403 (decimal 1027)
   defining Unicode char U+0404 (decimal 1028)
   defining Unicode char U+0405 (decimal 1029)
   defining Unicode char U+0406 (decimal 1030)
   defining Unicode char U+0407 (decimal 1031)
   defining Unicode char U+0408 (decimal 1032)
   defining Unicode char U+0409 (decimal 1033)
   defining Unicode char U+040A (decimal 1034)
   defining Unicode char U+040B (decimal 1035)
   defining Unicode char U+040C (decimal 1036)
   defining Unicode char U+040D (decimal 1037)
   defining Unicode char U+040E (decimal 1038)
   defining Unicode char U+040F (decimal 1039)
   defining Unicode char U+0410 (decimal 1040)
   defining Unicode char U+0411 (decimal 1041)
   defining Unicode char U+0412 (decimal 1042)
   defining Unicode char U+0413 (decimal 1043)
   defining Unicode char U+0414 (decimal 1044)
   defining Unicode char U+0415 (decimal 1045)
   defining Unicode char U+0416 (decimal 1046)
   defining Unicode char U+0417 (decimal 1047)
   defining Unicode char U+0418 (decimal 1048)
   defining Unicode char U+0419 (decimal 1049)
   defining Unicode char U+041A (decimal 1050)
   defining Unicode char U+041B (decimal 1051)
   defining Unicode char U+041C (decimal 1052)
   defining Unicode char U+041D (decimal 1053)
   defining Unicode char U+041E (decimal 1054)
   defining Unicode char U+041F (decimal 1055)
   defining Unicode char U+0420 (decimal 1056)
   defining Unicode char U+0421 (decimal 1057)
   defining Unicode char U+0422 (decimal 1058)
   defining Unicode char U+0423 (decimal 1059)
   defining Unicode char U+0424 (decimal 1060)
   defining Unicode char U+0425 (decimal 1061)
   defining Unicode char U+0426 (decimal 1062)
   defining Unicode char U+0427 (decimal 1063)
   defining Unicode char U+0428 (decimal 1064)
   defining Unicode char U+0429 (decimal 1065)
   defining Unicode char U+042A (decimal 1066)
   defining Unicode char U+042B (decimal 1067)
   defining Unicode char U+042C (decimal 1068)
   defining Unicode char U+042D (decimal 1069)
   defining Unicode char U+042E (decimal 1070)
   defining Unicode char U+042F (decimal 1071)
   defining Unicode char U+0430 (decimal 1072)
   defining Unicode char U+0431 (decimal 1073)
   defining Unicode char U+0432 (decimal 1074)
   defining Unicode char U+0433 (decimal 1075)
   defining Unicode char U+0434 (decimal 1076)
   defining Unicode char U+0435 (decimal 1077)
   defining Unicode char U+0436 (decimal 1078)
   defining Unicode char U+0437 (decimal 1079)
   defining Unicode char U+0438 (decimal 1080)
   defining Unicode char U+0439 (decimal 1081)
   defining Unicode char U+043A (decimal 1082)
   defining Unicode char U+043B (decimal 1083)
   defining Unicode char U+043C (decimal 1084)
   defining Unicode char U+043D (decimal 1085)
   defining Unicode char U+043E (decimal 1086)
   defining Unicode char U+043F (decimal 1087)
   defining Unicode char U+0440 (decimal 1088)
   defining Unicode char U+0441 (decimal 1089)
   defining Unicode char U+0442 (decimal 1090)
   defining Unicode char U+0443 (decimal 1091)
   defining Unicode char U+0444 (decimal 1092)
   defining Unicode char U+0445 (decimal 1093)
   defining Unicode char U+0446 (decimal 1094)
   defining Unicode char U+0447 (decimal 1095)
   defining Unicode char U+0448 (decimal 1096)
   defining Unicode char U+0449 (decimal 1097)
   defining Unicode char U+044A (decimal 1098)
   defining Unicode char U+044B (decimal 1099)
   defining Unicode char U+044C (decimal 1100)
   defining Unicode char U+044D (decimal 1101)
   defining Unicode char U+044E (decimal 1102)
   defining Unicode char U+044F (decimal 1103)
   defining Unicode char U+0450 (decimal 1104)
   defining Unicode char U+0451 (decimal 1105)
   defining Unicode char U+0452 (decimal 1106)
   defining Unicode char U+0453 (decimal 1107)
   defining Unicode char U+0454 (decimal 1108)
   defining Unicode char U+0455 (decimal 1109)
   defining Unicode char U+0456 (decimal 1110)
   defining Unicode char U+0457 (decimal 1111)
   defining Unicode char U+0458 (decimal 1112)
   defining Unicode char U+0459 (decimal 1113)
   defining Unicode char U+045A (decimal 1114)
   defining Unicode char U+045B (decimal 1115)
   defining Unicode char U+045C (decimal 1116)
   defining Unicode char U+045D (decimal 1117)
   defining Unicode char U+045E (decimal 1118)
   defining Unicode char U+045F (decimal 1119)
   defining Unicode char U+0490 (decimal 1168)
   defining Unicode char U+0491 (decimal 1169)
   defining Unicode char U+0492 (decimal 1170)
   defining Unicode char U+0493 (decimal 1171)
   defining Unicode char U+0496 (decimal 1174)
   defining Unicode char U+0497 (decimal 1175)
   defining Unicode char U+0498 (decimal 1176)
   defining Unicode char U+0499 (decimal 1177)
   defining Unicode char U+049A (decimal 1178)
   defining Unicode char U+049B (decimal 1179)
   defining Unicode char U+049C (decimal 1180)
   defining Unicode char U+049D (decimal 1181)
   defining Unicode char U+04A0 (decimal 1184)
   defining Unicode char U+04A1 (decimal 1185)
   defining Unicode char U+04A2 (decimal 1186)
   defining Unicode char U+04A3 (decimal 1187)
   defining Unicode char U+04A4 (decimal 1188)
   defining Unicode char U+04A5 (decimal 1189)
   defining Unicode char U+04AA (decimal 1194)
   defining Unicode char U+04AB (decimal 1195)
   defining Unicode char U+04AE (decimal 1198)
   defining Unicode char U+04AF (decimal 1199)
   defining Unicode char U+04B0 (decimal 1200)
   defining Unicode char U+04B1 (decimal 1201)
   defining Unicode char U+04B2 (decimal 1202)
   defining Unicode char U+04B3 (decimal 1203)
   defining Unicode char U+04B6 (decimal 1206)
   defining Unicode char U+04B7 (decimal 1207)
   defining Unicode char U+04B8 (decimal 1208)
   defining Unicode char U+04B9 (decimal 1209)
   defining Unicode char U+04BA (decimal 1210)
   defining Unicode char U+04BB (decimal 1211)
   defining Unicode char U+04C0 (decimal 1216)
   defining Unicode char U+04C1 (decimal 1217)
   defining Unicode char U+04C2 (decimal 1218)
   defining Unicode char U+04D0 (decimal 1232)
   defining Unicode char U+04D1 (decimal 1233)
   defining Unicode char U+04D2 (decimal 1234)
   defining Unicode char U+04D3 (decimal 1235)
   defining Unicode char U+04D4 (decimal 1236)
   defining Unicode char U+04D5 (decimal 1237)
   defining Unicode char U+04D6 (decimal 1238)
   defining Unicode char U+04D7 (decimal 1239)
   defining Unicode char U+04D8 (decimal 1240)
   defining Unicode char U+04D9 (decimal 1241)
   defining Unicode char U+04DA (decimal 1242)
   defining Unicode char U+04DB (decimal 1243)
   defining Unicode char U+04DC (decimal 1244)
   defining Unicode char U+04DD (decimal 1245)
   defining Unicode char U+04DE (decimal 1246)
   defining Unicode char U+04DF (decimal 1247)
   defining Unicode char U+04E2 (decimal 1250)
   defining Unicode char U+04E3 (decimal 1251)
   defining Unicode char U+04E4 (decimal 1252)
   defining Unicode char U+04E5 (decimal 1253)
   defining Unicode char U+04E6 (decimal 1254)
   defining Unicode char U+04E7 (decimal 1255)
   defining Unicode char U+04E8 (decimal 1256)
   defining Unicode char U+04E9 (decimal 1257)
   defining Unicode char U+04EC (decimal 1260)
   defining Unicode char U+04ED (decimal 1261)
   defining Unicode char U+04EE (decimal 1262)
   defining Unicode char U+04EF (decimal 1263)
   defining Unicode char U+04F0 (decimal 1264)
   defining Unicode char U+04F1 (decimal 1265)
   defining Unicode char U+04F2 (decimal 1266)
   defining Unicode char U+04F3 (decimal 1267)
   defining Unicode char U+04F4 (decimal 1268)
   defining Unicode char U+04F5 (decimal 1269)
   defining Unicode char U+04F8 (decimal 1272)
   defining Unicode char U+04F9 (decimal 1273)
   defining Unicode char U+200C (decimal 8204)
   defining Unicode char U+2013 (decimal 8211)
   defining Unicode char U+2014 (decimal 8212)
   defining Unicode char U+2018 (decimal 8216)
   defining Unicode char U+2019 (decimal 8217)
   defining Unicode char U+201C (decimal 8220)
   defining Unicode char U+201D (decimal 8221)
   defining Unicode char U+201E (decimal 8222)
   defining Unicode char U+2030 (decimal 8240)
   defining Unicode char U+2031 (decimal 8241)
   defining Unicode char U+2116 (decimal 8470)
   defining Unicode char U+2329 (decimal 9001)
   defining Unicode char U+232A (decimal 9002)
   defining Unicode char U+2423 (decimal 9251)
))
LaTeX Font Info:    Try loading font information for T2A+cmr on input line 105.


(/usr/share/texlive/texmf-dist/tex/latex/cyrillic/t2acmr.fd
File: t2acmr.fd 2001/08/11 v1.0a Computer Modern Cyrillic font definitions
))
(/usr/share/texlive/texmf-dist/tex/generic/babel/babel.sty
Package: babel 2016/04/23 3.9r The Babel package

(/usr/share/texlive/texmf-dist/tex/generic/babel-english/english.ldf
Language: english 2012/08/20 v3.3p English support from the babel system

(/usr/share/texlive/texmf-dist/tex/generic/babel/babel.def
File: babel.def 2016/04/23 3.9r Babel common definitions
\babel@savecnt=\count102
\U@D=\dimen120
)
\l@canadian = a dialect from \language\l@american 
\l@australian = a dialect from \language\l@british 
\l@newzealand = a dialect from \language\l@british 
)
(/usr/share/texlive/texmf-dist/tex/generic/babel-russian/russianb.ldf
Language: russianb 2017/01/12 1.3i Russian support for the Babel system
Package babel Info: Making " an active character on input line 111.
))
(/usr/share/texlive/texmf-dist/tex/latex/tools/indentfirst.sty
Package: indentfirst 1995/11/23 v1.03 Indent first paragraph (DPC)
)
(/usr/share/texlive/texmf-dist/tex/latex/caption/subcaption.sty
Package: subcaption 2016/05/22 v1.1-161 Sub-captions (AR)

(/usr/share/texlive/texmf-dist/tex/latex/caption/caption.sty
Package: caption 2016/02/21 v3.3-144 Customizing captions (AR)

(/usr/share/texlive/texmf-dist/tex/latex/caption/caption3.sty
Package: caption3 2016/05/22 v1.7-166 caption3 kernel (AR)
Package caption3 Info: TeX engine: e-TeX on input line 67.
\captionmargin=\dimen121
\captionmargin@=\dimen122
\captionwidth=\dimen123
\caption@tempdima=\dimen124
\caption@indent=\dimen125
\caption@parindent=\dimen126
\caption@hangindent=\dimen127
)
\c@ContinuedFloat=\count103
)
\c@subfigure=\count104
\c@subtable=\count105
)
(/usr/share/texlive/texmf-dist/tex/latex/tools/array.sty
Package: array 2016/10/06 v2.4d Tabular extension package (FMi)
\col@sep=\dimen128
\extrarowheight=\dimen129
\NC@list=\toks23
\extratabsurround=\skip46
\backup@length=\skip47
)
(/usr/share/texlive/texmf-dist/tex/latex/graphics/graphicx.sty
Package: graphicx 2014/10/28 v1.0g Enhanced LaTeX Graphics (DPC,SPQR)

(/usr/share/texlive/texmf-dist/tex/latex/graphics/graphics.sty
Package: graphics 2016/10/09 v1.0u Standard LaTeX Graphics (DPC,SPQR)

(/usr/share/texlive/texmf-dist/tex/latex/graphics/trig.sty
Package: trig 2016/01/03 v1.10 sin cos tan (DPC)
)
(/usr/share/texlive/texmf-dist/tex/latex/graphics-cfg/graphics.cfg
File: graphics.cfg 2016/06/04 v1.11 sample graphics configuration
)
Package graphics Info: Driver file: pdftex.def on input line 99.

(/usr/share/texlive/texmf-dist/tex/latex/graphics-def/pdftex.def
File: pdftex.def 2017/01/12 v0.06k Graphics/color for pdfTeX

(/usr/share/texlive/texmf-dist/tex/generic/oberdiek/infwarerr.sty
Package: infwarerr 2016/05/16 v1.4 Providing info/warning/error messages (HO)
)
(/usr/share/texlive/texmf-dist/tex/generic/oberdiek/ltxcmds.sty
Package: ltxcmds 2016/05/16 v1.23 LaTeX kernel commands for general use (HO)
)
\Gread@gobject=\count106
))
\Gin@req@height=\dimen130
\Gin@req@width=\dimen131
)
(/usr/share/texlive/texmf-dist/tex/latex/graphics/color.sty
Package: color 2016/07/10 v1.1e Standard LaTeX Color (DPC)

(/usr/share/texlive/texmf-dist/tex/latex/graphics-cfg/color.cfg
File: color.cfg 2016/01/02 v1.6 sample color configuration
)
Package color Info: Driver file: pdftex.def on input line 147.
)) (./main.aux
(./expert.aux) (./measurements.aux) (./simulations.aux) (./dataprocessing.aux)
(./results.aux) (./resultsSIM.aux) (./bibliography.aux))
\openout1 = `main.aux'.

LaTeX Font Info:    Checking defaults for OML/cmm/m/it on input line 8.
LaTeX Font Info:    ... okay on input line 8.
LaTeX Font Info:    Checking defaults for T1/cmr/m/n on input line 8.
LaTeX Font Info:    ... okay on input line 8.
LaTeX Font Info:    Checking defaults for OT1/cmr/m/n on input line 8.
LaTeX Font Info:    ... okay on input line 8.
LaTeX Font Info:    Checking defaults for OMS/cmsy/m/n on input line 8.
LaTeX Font Info:    ... okay on input line 8.
LaTeX Font Info:    Checking defaults for OMX/cmex/m/n on input line 8.
LaTeX Font Info:    ... okay on input line 8.
LaTeX Font Info:    Checking defaults for U/cmr/m/n on input line 8.
LaTeX Font Info:    ... okay on input line 8.
LaTeX Font Info:    Checking defaults for T2A/cmr/m/n on input line 8.
LaTeX Font Info:    ... okay on input line 8.
LaTeX Font Info:    Try loading font information for T2A+ftm on input line 8.
LaTeX Font Info:    No file T2Aftm.fd. on input line 8.


LaTeX Font Warning: Font shape `T2A/ftm/m/n' undefined
(Font)              using `T2A/cmr/m/n' instead on input line 8.

*geometry* driver: auto-detecting
*geometry* detected driver: pdftex
*geometry* verbose mode - [ preamble ] result:
* driver: pdftex
* paper: a4paper
* layout: <same size as paper>
* layoutoffset:(h,v)=(0.0pt,0.0pt)
* modes: 
* h-part:(L,W,R)=(71.13188pt, 483.69687pt, 42.67912pt)
* v-part:(T,H,B)=(56.9055pt, 731.23584pt, 56.9055pt)
* \paperwidth=597.50787pt
* \paperheight=845.04684pt
* \textwidth=455.24408pt
* \textheight=654.41338pt
* \oddsidemargin=-14.22636pt
* \evensidemargin=-14.22636pt
* \topmargin=-24.0pt
* \headheight=12.0pt
* \headsep=25.0pt
* \topskip=12.0pt
* \footskip=30.0pt
* \marginparwidth=35.0pt
* \marginparsep=10.0pt
* \columnsep=10.0pt
* \skip\footins=10.8pt plus 4.0pt minus 2.0pt
* \hoffset=0.0pt
* \voffset=0.0pt
* \mag=1000
* \@twocolumnfalse
* \@twosidefalse
* \@mparswitchfalse
* \@reversemarginfalse
* (1in=72.27pt=25.4mm, 1cm=28.453pt)

Package caption Info: Begin \AtBeginDocument code.
Package caption Info: End \AtBeginDocument code.
(/usr/share/texlive/texmf-dist/tex/context/base/mkii/supp-pdf.mkii
[Loading MPS to PDF converter (version 2006.09.02).]
\scratchcounter=\count107
\scratchdimen=\dimen132
\scratchbox=\box28
\nofMPsegments=\count108
\nofMParguments=\count109
\everyMPshowfont=\toks24
\MPscratchCnt=\count110
\MPscratchDim=\dimen133
\MPnumerator=\count111
\makeMPintoPDFobject=\count112
\everyMPtoPDFconversion=\toks25
) (/usr/share/texlive/texmf-dist/tex/generic/oberdiek/pdftexcmds.sty
Package: pdftexcmds 2016/05/21 v0.22 Utility functions of pdfTeX for LuaTeX (HO
)

(/usr/share/texlive/texmf-dist/tex/generic/oberdiek/ifluatex.sty
Package: ifluatex 2016/05/16 v1.4 Provides the ifluatex switch (HO)
Package ifluatex Info: LuaTeX not detected.
)
Package pdftexcmds Info: LuaTeX not detected.
Package pdftexcmds Info: \pdf@primitive is available.
Package pdftexcmds Info: \pdf@ifprimitive is available.
Package pdftexcmds Info: \pdfdraftmode found.
)
(/usr/share/texlive/texmf-dist/tex/latex/oberdiek/epstopdf-base.sty
Package: epstopdf-base 2016/05/15 v2.6 Base part for package epstopdf

(/usr/share/texlive/texmf-dist/tex/latex/oberdiek/grfext.sty
Package: grfext 2016/05/16 v1.2 Manage graphics extensions (HO)

(/usr/share/texlive/texmf-dist/tex/generic/oberdiek/kvdefinekeys.sty
Package: kvdefinekeys 2016/05/16 v1.4 Define keys (HO)
))
(/usr/share/texlive/texmf-dist/tex/latex/oberdiek/kvoptions.sty
Package: kvoptions 2016/05/16 v3.12 Key value format for package options (HO)

(/usr/share/texlive/texmf-dist/tex/generic/oberdiek/kvsetkeys.sty
Package: kvsetkeys 2016/05/16 v1.17 Key value parser (HO)

(/usr/share/texlive/texmf-dist/tex/generic/oberdiek/etexcmds.sty
Package: etexcmds 2016/05/16 v1.6 Avoid name clashes with e-TeX commands (HO)
Package etexcmds Info: Could not find \expanded.
(etexcmds)             That can mean that you are not using pdfTeX 1.50 or
(etexcmds)             that some package has redefined \expanded.
(etexcmds)             In the latter case, load this package earlier.
)))
Package epstopdf-base Info: Redefining graphics rule for `.eps' on input line 4
38.
Package grfext Info: Graphics extension search list:
(grfext)             [.png,.pdf,.jpg,.mps,.jpeg,.jbig2,.jb2,.PNG,.PDF,.JPG,.JPE
G,.JBIG2,.JB2,.eps]
(grfext)             \AppendGraphicsExtensions on input line 456.

(/usr/share/texlive/texmf-dist/tex/latex/latexconfig/epstopdf-sys.cfg
File: epstopdf-sys.cfg 2010/07/13 v1.3 Configuration of (r)epstopdf for TeX Liv
e
))
(./titlepage.tex

LaTeX Font Warning: Font shape `T2A/ftm/bx/n' undefined
(Font)              using `T2A/ftm/m/n' instead on input line 4.


LaTeX Font Warning: Font shape `T2A/ftm/bx/it' undefined
(Font)              using `T2A/ftm/bx/n' instead on input line 6.


Underfull \hbox (badness 10000) in paragraph at lines 19--22

 []


Underfull \hbox (badness 10000) in paragraph at lines 23--26

 []


Underfull \hbox (badness 10000) in paragraph at lines 27--30

 []


Underfull \hbox (badness 10000) in paragraph at lines 31--33

 []


Underfull \hbox (badness 10000) in paragraph at lines 34--37

 []


Underfull \hbox (badness 10000) in paragraph at lines 38--41

 []


Underfull \hbox (badness 10000) in paragraph at lines 42--46

 []


LaTeX Font Warning: Font shape `T2A/ftm/m/it' undefined
(Font)              using `T2A/ftm/m/n' instead on input line 53.

[1

{/var/lib/texmf/fonts/map/pdftex/updmap/pdftex.map}] (./main.toc
LaTeX Font Info:    Try loading font information for OT1+ftm on input line 1.
LaTeX Font Info:    No file OT1ftm.fd. on input line 1.


LaTeX Font Warning: Font shape `OT1/ftm/m/n' undefined
(Font)              using `OT1/cmr/m/n' instead on input line 1.

)
\tf@toc=\write3
\openout3 = `main.toc'.

 [2]) (./vvedenie.tex
Package epstopdf Info: Source file: <NuclearMap.eps>
(epstopdf)                    date: 2017-06-13 19:51:42
(epstopdf)                    size: 285393 bytes
(epstopdf)             Output file: <NuclearMap-eps-converted-to.pdf>
(epstopdf)                    date: 2017-06-14 09:40:52
(epstopdf)                    size: 9452 bytes
(epstopdf)             Command: <repstopdf --outfile=NuclearMap-eps-converted-t
o.pdf NuclearMap.eps>
(epstopdf)             \includegraphics on input line 16.
Package epstopdf Info: Output file is already uptodate.

<NuclearMap-eps-converted-to.pdf, id=12, 458.71375pt x 303.1325pt>
File: NuclearMap-eps-converted-to.pdf Graphic file (type pdf)

<use NuclearMap-eps-converted-to.pdf>
Package pdftex.def Info: NuclearMap-eps-converted-to.pdf used on input line 16.

(pdftex.def)             Requested size: 455.24408pt x 300.85605pt.
 [3] [4 <./NuclearMap-eps-converted-to.pdf>]

LaTeX Warning: Citation `flnr' on page 5 undefined on input line 39.

[5]
Overfull \hbox (5.17204pt too wide) in paragraph at lines 47--48
\T2A/ftm/bx/n/12 ков ра-дио-ак-тив-ных изо-то-пов об-ла-да-ет ме-тод раз-де-ле-
ния на ле-ту (In-Flight Separation).
 []

) [6]
\openout2 = `expert.aux'.

 (./expert.tex <FRS.png, id=33, 1274.7625pt x 676.5275pt>
File: FRS.png Graphic file (type png)
 <use FRS.png>
Package pdftex.def Info: FRS.png used on input line 24.
(pdftex.def)             Requested size: 455.24408pt x 241.59866pt.

[7

 <./FRS.png>] <identification.png, id=40, 689.57625pt x 586.19pt>
File: identification.png Graphic file (type png)

<use identification.png>
Package pdftex.def Info: identification.png used on input line 58.
(pdftex.def)             Requested size: 455.24408pt x 386.99393pt.
 [8 <./identification.png>]
<frsexpert.png, id=45, 1495.5875pt x 682.55pt>
File: frsexpert.png Graphic file (type png)
 <use frsexpert.png>
Package pdftex.def Info: frsexpert.png used on input line 75.
(pdftex.def)             Requested size: 455.24408pt x 207.75565pt.
 [9 <./frsexpert.png>]
Overfull \hbox (32.5784pt too wide) in paragraph at lines 85--86
[]\T2A/ftm/bx/n/12 Детектор ней-тро-нов с вы-со-ким уг-ло-вым раз-ре-ше-ни-ем N
euRad (Neutron Radioactivity).
 []


Overfull \hbox (17.46281pt too wide) in paragraph at lines 86--88
[]\T2A/ftm/bx/n/12 Детектор гам-ма кван-тов GADAST (Gamma-ray Detectors Around 
Secondary Target).
 []


Overfull \hbox (27.52982pt too wide) in paragraph at lines 88--89
[]\T2A/ftm/bx/n/12 Время-проекционная оп-ти-че-ская ка-ме-ра (OTPC) - устрой-ст
во для 3D-реконструкции
 []


Overfull \hbox (6.16402pt too wide) in paragraph at lines 88--89
\T2A/ftm/bx/n/12 им-план-ти-ро-ван-ных мно-го-ча-стич-ных рас-па-дов ионов в ко
-неч-ной фо-каль-ной плос-
 []

LaTeX Font Info:    Try loading font information for OMS+ftm on input line 94.
LaTeX Font Info:    No file OMSftm.fd. on input line 94.

LaTeX Font Warning: Font shape `OMS/ftm/m/n' undefined
(Font)              using `OMS/cmsy/m/n' instead
(Font)              for symbol `textbullet' on input line 94.

<expert.png, id=50, 3972.8425pt x 1912.14375pt>
File: expert.png Graphic file (type png)
 <use expert.png>
Package pdftex.def Info: expert.png used on input line 107.
(pdftex.def)             Requested size: 455.24408pt x 219.08954pt.
 [10] [11 <./expert.png>] <neurad.png, id=58, 1032.85875pt x 358.33875pt>
File: neurad.png Graphic file (type png)
 <use neurad.png>
Package pdftex.def Info: neurad.png used on input line 199.
(pdftex.def)             Requested size: 455.24408pt x 157.94292pt.

[12 <./neurad.png>]) [13]
\openout2 = `measurements.aux'.

 (./measurements.tex
Overfull \hbox (19.09998pt too wide) in paragraph at lines 5--6
[]\T2A/ftm/bx/n/12 Первый экс-пе-ри-мент для опре-де-ле-ния вре-мен-ных ха-рак-
те-ри-стик де-тек-то-ра NeuRad
 []

<neuradfibers.png, id=67, 676.5275pt x 449.68pt>
File: neuradfibers.png Graphic file (type png)
 <use neuradfibers.png>
Package pdftex.def Info: neuradfibers.png used on input line 12.
(pdftex.def)             Requested size: 236.72885pt x 157.34918pt.

<H9500.png, id=68, 580.1675pt x 420.57124pt>
File: H9500.png Graphic file (type png)
 <use H9500.png>
Package pdftex.def Info: H9500.png used on input line 14.
(pdftex.def)             Requested size: 218.51521pt x 158.4069pt.

Overfull \hbox (23.99998pt too wide) in paragraph at lines 11--18
 [][] 
 []

[14


 <./neuradfibers.png> <./H9500.png>]
<NeuRadexperiment.png, id=74, 1534.73375pt x 643.40375pt>
File: NeuRadexperiment.png Graphic file (type png)

<use NeuRadexperiment.png>
Package pdftex.def Info: NeuRadexperiment.png used on input line 36.
(pdftex.def)             Requested size: 455.24408pt x 190.84311pt.
 <signal1.png, id=75, 1001.7425pt x 576.1525pt>
File: signal1.png Graphic file (type png)

<use signal1.png>
Package pdftex.def Info: signal1.png used on input line 54.
(pdftex.def)             Requested size: 455.24408pt x 261.8333pt.
 [15 <./NeuRadexperiment.png>] [16 <./signal1.png>]
<gsiexp.png, id=83, 1520.68124pt x 893.3375pt>
File: gsiexp.png Graphic file (type png)
 <use gsiexp.png>
Package pdftex.def Info: gsiexp.png used on input line 77.
(pdftex.def)             Requested size: 227.62204pt x 133.70859pt.
) [17 <./gsiexp.png>]
\openout2 = `simulations.aux'.

 (./simulations.tex
Overfull \hbox (19.3615pt too wide) in paragraph at lines 4--8
\T2A/ftm/bx/n/12 дјн-ных экс-пе-ри-мен-тов, ко-то-рое про-во-ди-лось ис-поль-зу
я про-грамм-ный па-кет EXPERTroot
 []


Overfull \hbox (0.7551pt too wide) in paragraph at lines 17--20
\T2A/ftm/bx/n/12 где $\OML/cmm/m/it/12 Q[]$ \T2A/ftm/bx/n/12 - ко-эф-фи-ци-ент 
про-пор-ци-о-наль-но-сти, на-зы-ва-ю-щий-ся квенчинг-фактором.
 []

[18


]

LaTeX Warning: Command \cyrf invalid in math mode on input line 31.


LaTeX Warning: Command \cyro invalid in math mode on input line 31.


LaTeX Warning: Command \cyrt invalid in math mode on input line 31.


LaTeX Warning: Command \cyro invalid in math mode on input line 31.


LaTeX Warning: Command \cyrn invalid in math mode on input line 31.


LaTeX Warning: Command \cyro invalid in math mode on input line 31.


LaTeX Warning: Command \cyrv invalid in math mode on input line 31.


LaTeX Warning: Command \CYRM invalid in math mode on input line 31.


LaTeX Warning: Command \cyrerev invalid in math mode on input line 31.


LaTeX Warning: Command \CYRV invalid in math mode on input line 31.

Missing character: There is no ф in font cmr8!
Missing character: There is no о in font cmr8!
Missing character: There is no т in font cmr8!
Missing character: There is no о in font cmr8!
Missing character: There is no н in font cmr8!
Missing character: There is no о in font cmr8!
Missing character: There is no в in font cmr8!
Missing character: There is no М in font cmr8!
Missing character: There is no э in font cmr8!
Missing character: There is no В in font cmr8!
[19] [20] <sim.png, id=102, 987.69pt x 368.37625pt>
File: sim.png Graphic file (type png)
 <use sim.png>
Package pdftex.def Info: sim.png used on input line 80.
(pdftex.def)             Requested size: 455.24408pt x 169.78676pt.

<simsignal.png, id=103, 1643.13875pt x 610.28pt>
File: simsignal.png Graphic file (type png)
 <use simsignal.png>
Package pdftex.def Info: simsignal.png used on input line 90.
(pdftex.def)             Requested size: 455.24408pt x 169.07999pt.
 [21 <./sim.png> <./simsignal.png>]) [22]
\openout2 = `dataprocessing.aux'.

 (./dataprocessing.tex
<LED1.png, id=112, 1271.75125pt x 755.82375pt>
File: LED1.png Graphic file (type png)
 <use LED1.png>
Package pdftex.def Info: LED1.png used on input line 26.
(pdftex.def)             Requested size: 455.24408pt x 270.56245pt.
 [23


]
<cfd.png, id=116, 830.35219pt x 359.84438pt>
File: cfd.png Graphic file (type png)
 <use cfd.png>
Package pdftex.def Info: cfd.png used on input line 42.
(pdftex.def)             Requested size: 455.24408pt x 197.28357pt.


LaTeX Warning: `h' float specifier changed to `ht'.

[24 <./LED1.png>]
Overfull \hbox (1.48654pt too wide) in paragraph at lines 55--58
[]\T2A/ftm/bx/n/12 Для ил-лю-стра-ции, ис-ход-ный сиг-нал за-пи-сан-ный оциф-ро
-вы-ва-ю-щим устрой-ством
 []

<originalsignalform.png, id=121, 1206.5075pt x 708.6475pt>
File: originalsignalform.png Graphic file (type png)

<use originalsignalform.png>
Package pdftex.def Info: originalsignalform.png used on input line 75.
(pdftex.def)             Requested size: 227.62204pt x 133.69287pt.
 <CFDform.png, id=122, 1201.48875pt x 712.6625pt>
File: CFDform.png Graphic file (type png)

<use CFDform.png>
Package pdftex.def Info: CFDform.png used on input line 75.
(pdftex.def)             Requested size: 227.62204pt x 135.00493pt.

Overfull \hbox (24.0pt too wide) in paragraph at lines 74--78
 [][] 
 []


LaTeX Warning: `!h' float specifier changed to `!ht'.

[25 <./cfd.png (PNG copy)>] <noise.png, id=127, 1925.1925pt x 991.705pt>
File: noise.png Graphic file (type png)

<use noise.png>
Package pdftex.def Info: noise.png used on input line 101.
(pdftex.def)             Requested size: 455.24408pt x 234.5034pt.


LaTeX Warning: `!h' float specifier changed to `!ht'.

[26 <./originalsignalform.png> <./CFDform.png>]
<scintSHAPE.png, id=134, 424.58624pt x 219.82124pt>
File: scintSHAPE.png Graphic file (type png)
 <use scintSHAPE.png>
Package pdftex.def Info: scintSHAPE.png used on input line 127.
(pdftex.def)             Requested size: 455.24408pt x 235.70616pt.


LaTeX Warning: `!h' float specifier changed to `!ht'.

) [27 <./noise.png>] [28 <./scintSHAPE.png>]
\openout2 = `results.aux'.

 (./results.tex
<integralform.png, id=141, 577.15625pt x 348.30125pt>
File: integralform.png Graphic file (type png)
 <use integralform.png>
Package pdftex.def Info: integralform.png used on input line 26.
(pdftex.def)             Requested size: 455.24408pt x 274.74043pt.

[29


 <./integralform.png>] <tau.png, id=146, 851.18pt x 607.26875pt>
File: tau.png Graphic file (type png)

<use tau.png>
Package pdftex.def Info: tau.png used on input line 61.
(pdftex.def)             Requested size: 364.19664pt x 259.83247pt.
 [30 <./tau.png>]
Overfull \hbox (13.32198pt too wide) in paragraph at lines 74--87
 [][] 
 []

<walkcorr.png, id=150, 1927.2pt x 1084.05pt>
File: walkcorr.png Graphic file (type png)
 <use walkcorr.png>
Package pdftex.def Info: walkcorr.png used on input line 98.
(pdftex.def)             Requested size: 455.24408pt x 256.07509pt.
 [31 <./walkcorr.png>] <totcorr.png, id=156, 1184.425pt x 825.0825pt>
File: totcorr.png Graphic file (type png)
 <use totcorr.png>
Package pdftex.def Info: totcorr.png used on input line 124.
(pdftex.def)             Requested size: 364.19664pt x 253.69562pt.


LaTeX Warning: `!h' float specifier changed to `!ht'.

[32] <CFD_amp.png, id=161, 1091.07625pt x 736.7525pt>
File: CFD_amp.png Graphic file (type png)
 <use CFD_amp.png>
Package pdftex.def Info: CFD_amp.png used on input line 165.
(pdftex.def)             Requested size: 455.24408pt x 307.39915pt.

[33 <./totcorr.png>]) [34 <./CFD_amp.png>]
\openout2 = `resultsSIM.aux'.

 (./resultsSIM.tex
<1pesignalexp.png, id=170, 1001.7425pt x 575.14874pt>
File: 1pesignalexp.png Graphic file (type png)
 <use 1pesignalexp.png>
Package pdftex.def Info: 1pesignalexp.png used on input line 9.
(pdftex.def)             Requested size: 455.24408pt x 261.37715pt.

<simSignal1.png, id=171, 1369.115pt x 694.595pt>
File: simSignal1.png Graphic file (type png)
 <use simSignal1.png>
Package pdftex.def Info: simSignal1.png used on input line 20.
(pdftex.def)             Requested size: 236.72885pt x 120.09332pt.
File: originalsignalform.png Graphic file (type png)

<use originalsignalform.png>
Package pdftex.def Info: originalsignalform.png used on input line 22.
(pdftex.def)             Requested size: 218.51521pt x 128.3404pt.

Overfull \hbox (23.99998pt too wide) in paragraph at lines 19--26
 [][] 
 []

<integralSim.png, id=172, 1925.1925pt x 991.705pt>
File: integralSim.png Graphic file (type png)
 <use integralSim.png>
Package pdftex.def Info: integralSim.png used on input line 34.
(pdftex.def)             Requested size: 455.24408pt x 234.5034pt.

[35


 <./1pesignalexp.png>]
Overfull \hbox (0.11842pt too wide) in paragraph at lines 40--41
\T2A/ftm/bx/n/12 Вре-ме-на сиг-на-лов в дан-ном слу-чае рас-счи-ты-ва-лись ме-т
о-дом ана-ли-за пе-ред-не-го фрон-
 []

<tausim.png, id=176, 700.6175pt x 475.7775pt>
File: tausim.png Graphic file (type png)
 <use tausim.png>
Package pdftex.def Info: tausim.png used on input line 44.
(pdftex.def)             Requested size: 455.24408pt x 309.15732pt.
 [36 <./simSignal1.png> <./integralSim.png>] <ampsim.png, id=181, 700.6175pt x 
475.7775pt>
File: ampsim.png Graphic file (type png)

<use ampsim.png>
Package pdftex.def Info: ampsim.png used on input line 52.
(pdftex.def)             Requested size: 455.24408pt x 309.15732pt.
 [37 <./tausim.png>]) [38 <./ampsim.png>]
\openout2 = `bibliography.aux'.

 (./bibliography.tex
Underfull \hbox (badness 2894) in paragraph at lines 24--27
\T2A/ftm/bx/n/12 Gobain's commitment to the development of high performance mat
erials.
 []

[39


]
Underfull \hbox (badness 10000) in paragraph at lines 82--83
[]\T2A/ftm/bx/n/12 Heilbronn, Lawrence; Iwata, Yoshiyuki, Iwase, H. Off-line co
rrection
 []


Underfull \hbox (badness 10000) in paragraph at lines 82--83
\T2A/ftm/bx/n/12 for excessive constant-fraction-discriminator walk in neutron 
time-
 []


Underfull \hbox (badness 10000) in paragraph at lines 82--83
\T2A/ftm/bx/n/12 of-flight experiments, article, October 15, 2003; Berkeley, Ca
lifornia.
 []


Underfull \hbox (badness 8038) in paragraph at lines 82--83
\T2A/ftm/bx/n/12 (digital.library.unt.edu/ark:/67531/metadc780778/: accessed Ma
y 17, 2017),
 []


Underfull \hbox (badness 1997) in paragraph at lines 82--83
\T2A/ftm/bx/n/12 University of North Texas Libraries, Digital Library, digital.
library.unt.edu;
 []

) [40] (./main.aux (./expert.aux) (./measurements.aux) (./simulations.aux)
(./dataprocessing.aux) (./results.aux) (./resultsSIM.aux) (./bibliography.aux))

LaTeX Font Warning: Some font shapes were not available, defaults substituted.


LaTeX Warning: There were undefined references.

 ) 
Here is how much of TeX's memory you used:
 5583 strings out of 494387
 76673 string characters out of 6172059
 142756 words of memory out of 5000000
 8715 multiletter control sequences out of 15000+600000
 12322 words of font info for 34 fonts, out of 8000000 for 9000
 452 hyphenation exceptions out of 8191
 44i,12n,41p,5138b,321s stack positions out of 5000i,500n,10000p,200000b,80000s
 </home/ivan/.texlive2016/texmf-var/fonts/pk/ljfour/lh/lh-t2a/larm1000.600pk>
 </home/ivan/.texlive2016/texmf-var/fonts/pk/ljfour/lh/lh-t2a/larm0700.600pk> <
/home/ivan/.texlive2016/texmf-var/fonts/pk/ljfour/lh/lh-t2a/larm0800.600pk> </h
ome/ivan/.texlive2016/texmf-var/fonts/pk/ljfour/lh/lh-t2a/larm1728.600pk> </hom
e/ivan/.texlive2016/texmf-var/fonts/pk/ljfour/lh/lh-t2a/larm1200.600pk> </home/
ivan/.texlive2016/texmf-var/fonts/pk/ljfour/lh/lh-t2a/larm1440.600pk></usr/shar
e/texlive/texmf-dist/fonts/type1/public/amsfonts/cm/cmex10.pfb></usr/share/texl
ive/texmf-dist/fonts/type1/public/amsfonts/cm/cmmi12.pfb></usr/share/texlive/te
xmf-dist/fonts/type1/public/amsfonts/cm/cmmi6.pfb></usr/share/texlive/texmf-dis
t/fonts/type1/public/amsfonts/cm/cmmi8.pfb></usr/share/texlive/texmf-dist/fonts
/type1/public/amsfonts/cm/cmr12.pfb></usr/share/texlive/texmf-dist/fonts/type1/
public/amsfonts/cm/cmr6.pfb></usr/share/texlive/texmf-dist/fonts/type1/public/a
msfonts/cm/cmr8.pfb></usr/share/texlive/texmf-dist/fonts/type1/public/amsfonts/
cm/cmsy10.pfb></usr/share/texlive/texmf-dist/fonts/type1/public/amsfonts/cm/cms
y8.pfb>
Output written on main.pdf (40 pages, 9645295 bytes).
PDF statistics:
 561 PDF objects out of 1000 (max. 8388607)
 145 compressed objects within 2 object streams
 0 named destinations out of 1000 (max. 500000)
 146 words of extra memory for PDF output out of 10000 (max. 10000000)

